{"C:\\openjdk-17.0.2_windows-x64_bin\\DEA\\src\\prolog-jdi\\chatapplication\\src\\main\\resources\\src\\views\\chat.vue": {"path":"C:\\openjdk-17.0.2_windows-x64_bin\\DEA\\src\\prolog-jdi\\chatapplication\\src\\main\\resources\\src\\views\\chat.vue","statementMap":{"0":{"start":{"line":43,"column":0},"end":{"line":294,"column":null}},"1":{"start":{"line":1,"column":0},"end":{"line":1,"column":null}}},"fnMap":{"0":{"name":"(anonymous_44)","decl":{"start":{"line":1,"column":0},"end":{"line":1,"column":null}},"loc":{"start":{"line":1,"column":0},"end":{"line":1,"column":null}}}},"branchMap":{"0":{"loc":{"start":{"line":1,"column":0},"end":{"line":1,"column":null}},"type":"cond-expr","locations":[{"start":{"line":1,"column":0},"end":{"line":1,"column":null}},{"start":{"line":1,"column":0},"end":{"line":1,"column":null}}]}},"s":{"0":1,"1":26},"f":{"0":9},"b":{"0":[0,0]}}
,"C:\\openjdk-17.0.2_windows-x64_bin\\DEA\\src\\prolog-jdi\\chatapplication\\src\\main\\resources\\src\\views\\chatList.vue": {"path":"C:\\openjdk-17.0.2_windows-x64_bin\\DEA\\src\\prolog-jdi\\chatapplication\\src\\main\\resources\\src\\views\\chatList.vue","statementMap":{"0":{"start":{"line":46,"column":0},"end":{"line":88,"column":null}},"1":{"start":{"line":1,"column":0},"end":{"line":1,"column":null}}},"fnMap":{"0":{"name":"(anonymous_8)","decl":{"start":{"line":1,"column":0},"end":{"line":1,"column":null}},"loc":{"start":{"line":1,"column":0},"end":{"line":1,"column":null}}}},"branchMap":{},"s":{"0":1,"1":12},"f":{"0":3},"b":{}}
,"C:\\openjdk-17.0.2_windows-x64_bin\\DEA\\src\\prolog-jdi\\chatapplication\\src\\main\\resources\\src\\views\\menu.vue": {"path":"C:\\openjdk-17.0.2_windows-x64_bin\\DEA\\src\\prolog-jdi\\chatapplication\\src\\main\\resources\\src\\views\\menu.vue","statementMap":{"0":{"start":{"line":58,"column":0},"end":{"line":120,"column":null}},"1":{"start":{"line":1,"column":0},"end":{"line":1,"column":null}}},"fnMap":{"0":{"name":"(anonymous_10)","decl":{"start":{"line":1,"column":0},"end":{"line":1,"column":null}},"loc":{"start":{"line":1,"column":0},"end":{"line":1,"column":null}}}},"branchMap":{"0":{"loc":{"start":{"line":1,"column":0},"end":{"line":1,"column":null}},"type":"if","locations":[{"start":{"line":1,"column":0},"end":{"line":1,"column":null}}]}},"s":{"0":1,"1":24},"f":{"0":9},"b":{"0":[0]}}
}
