{"C:\\openjdk-17.0.2_windows-x64_bin\\DEA\\src\\prolog-jdi\\chatapplication\\src\\main\\resources\\src\\views\\menu.vue": {"path":"C:\\openjdk-17.0.2_windows-x64_bin\\DEA\\src\\prolog-jdi\\chatapplication\\src\\main\\resources\\src\\views\\menu.vue","statementMap":{"0":{"start":{"line":32,"column":0},"end":{"line":41,"column":null}},"1":{"start":{"line":1,"column":0},"end":{"line":1,"column":null}}},"fnMap":{"0":{"name":"(anonymous_1)","decl":{"start":{"line":1,"column":0},"end":{"line":1,"column":null}},"loc":{"start":{"line":1,"column":0},"end":{"line":1,"column":null}}}},"branchMap":{},"s":{"0":1,"1":6},"f":{"0":1},"b":{}}
}
